<?xml version="1.0" encoding="UTF-8"?>
<testsuite name="runner.RunCukesTest" tests="1" skipped="0" failures="0" errors="0" timestamp="2019-05-06T23:39:29" hostname="at-09rach04" time="26.78">
  <properties/>
  <testcase name="runScenario[0](&quot;Open the Chrome browser&quot;, &quot;&quot;)" classname="runner.RunCukesTest" time="26.78"/>
  <system-out><![CDATA[]]></system-out>
  <system-err><![CDATA[SLF4J: Failed to load class "org.slf4j.impl.StaticLoggerBinder".
SLF4J: Defaulting to no-operation (NOP) logger implementation
SLF4J: See http://www.slf4j.org/codes.html#StaticLoggerBinder for further details.
Starting ChromeDriver 74.0.3729.6 (255758eccf3d244491b8a1317aa76e1ce10d57e9-refs/branch-heads/3729@{#29}) on port 12639
Only local connections are allowed.
Please protect ports used by ChromeDriver and related test frameworks to prevent access by malicious code.
May 06, 2019 7:39:34 PM org.openqa.selenium.remote.ProtocolHandshake createSession
INFO: Detected dialect: OSS
]]></system-err>
</testsuite>
